<?xml version="1.0" encoding="UTF-8"?>
<testng-results skipped="1" failed="0" total="1" passed="0">
  <reporter-output>
  </reporter-output>
  <suite name="Default suite" duration-ms="51918" started-at="2015-10-23T04:44:30Z" finished-at="2015-10-23T04:45:22Z">
    <groups>
      <group name="Firefox">
        <method signature="EBayLoginAddItemCart.testEBayLoginAddItemCart()[pri:0, instance:com.sqa.ao.selenium.intro.EBayLoginAddItemCart@e6529c]" name="testEBayLoginAddItemCart" class="com.sqa.ao.selenium.intro.EBayLoginAddItemCart"/>
      </group> <!-- Firefox -->
      <group name="Ebay">
        <method signature="EBayLoginAddItemCart.testEBayLoginAddItemCart()[pri:0, instance:com.sqa.ao.selenium.intro.EBayLoginAddItemCart@e6529c]" name="testEBayLoginAddItemCart" class="com.sqa.ao.selenium.intro.EBayLoginAddItemCart"/>
      </group> <!-- Ebay -->
      <group name="Chrome">
        <method signature="EBayLoginAddItemCart.testEBayLoginAddItemCart()[pri:0, instance:com.sqa.ao.selenium.intro.EBayLoginAddItemCart@e6529c]" name="testEBayLoginAddItemCart" class="com.sqa.ao.selenium.intro.EBayLoginAddItemCart"/>
      </group> <!-- Chrome -->
    </groups>
    <test name="Default test" duration-ms="51918" started-at="2015-10-23T04:44:30Z" finished-at="2015-10-23T04:45:22Z">
      <class name="com.sqa.ao.selenium.intro.EBayLoginAddItemCart">
        <test-method status="PASS" signature="setUpChrome()[pri:0, instance:com.sqa.ao.selenium.intro.EBayLoginAddItemCart@e6529c]" name="setUpChrome" is-config="true" duration-ms="4172" started-at="2015-10-22T21:44:30Z" finished-at="2015-10-22T21:44:34Z">
          <reporter-output>
          </reporter-output>
        </test-method> <!-- setUpChrome -->
        <test-method status="FAIL" signature="setUpFirefox()[pri:0, instance:com.sqa.ao.selenium.intro.EBayLoginAddItemCart@e6529c]" name="setUpFirefox" is-config="true" duration-ms="0" started-at="2015-10-22T21:44:34Z" finished-at="2015-10-22T21:44:34Z">
          <exception class="org.openqa.selenium.remote.UnreachableBrowserException">
            <message>
              <![CDATA[Error communicating with the remote browser. It may have died.
Build info: version: '2.48.2', revision: '41bccdd10cf2c0560f637404c2d96164b67d9d67', time: '2015-10-09 13:08:06'
System info: host: 'Yutaka', ip: '192.168.56.1', os.name: 'Windows 8.1', os.arch: 'x86', os.version: '6.3', java.version: '1.7.0_79'
Driver info: driver.version: FirefoxDriver]]>
            </message>
            <full-stacktrace>
              <![CDATA[org.openqa.selenium.remote.UnreachableBrowserException: Error communicating with the remote browser. It may have died.
Build info: version: '2.48.2', revision: '41bccdd10cf2c0560f637404c2d96164b67d9d67', time: '2015-10-09 13:08:06'
System info: host: 'Yutaka', ip: '192.168.56.1', os.name: 'Windows 8.1', os.arch: 'x86', os.version: '6.3', java.version: '1.7.0_79'
Driver info: driver.version: FirefoxDriver
	at org.openqa.selenium.remote.RemoteWebDriver.execute(RemoteWebDriver.java:641)
	at org.openqa.selenium.firefox.FirefoxDriver.access$100(FirefoxDriver.java:65)
	at org.openqa.selenium.firefox.FirefoxDriver$1$1.implicitlyWait(FirefoxDriver.java:244)
	at com.sqa.ao.selenium.intro.EBayLoginAddItemCart.setUpFirefox(EBayLoginAddItemCart.java:34)
	at sun.reflect.NativeMethodAccessorImpl.invoke0(Native Method)
	at sun.reflect.NativeMethodAccessorImpl.invoke(NativeMethodAccessorImpl.java:57)
	at sun.reflect.DelegatingMethodAccessorImpl.invoke(DelegatingMethodAccessorImpl.java:43)
	at java.lang.reflect.Method.invoke(Method.java:606)
	at org.testng.internal.MethodInvocationHelper.invokeMethod(MethodInvocationHelper.java:84)
	at org.testng.internal.Invoker.invokeConfigurationMethod(Invoker.java:564)
	at org.testng.internal.Invoker.invokeConfigurations(Invoker.java:213)
	at org.testng.internal.Invoker.invokeConfigurations(Invoker.java:138)
	at org.testng.internal.TestMethodWorker.invokeBeforeClassMethods(TestMethodWorker.java:175)
	at org.testng.internal.TestMethodWorker.run(TestMethodWorker.java:107)
	at org.testng.TestRunner.privateRun(TestRunner.java:767)
	at org.testng.TestRunner.run(TestRunner.java:617)
	at org.testng.SuiteRunner.runTest(SuiteRunner.java:348)
	at org.testng.SuiteRunner.runSequentially(SuiteRunner.java:343)
	at org.testng.SuiteRunner.privateRun(SuiteRunner.java:305)
	at org.testng.SuiteRunner.run(SuiteRunner.java:254)
	at org.testng.SuiteRunnerWorker.runSuite(SuiteRunnerWorker.java:52)
	at org.testng.SuiteRunnerWorker.run(SuiteRunnerWorker.java:86)
	at org.testng.TestNG.runSuitesSequentially(TestNG.java:1224)
	at org.testng.TestNG.runSuitesLocally(TestNG.java:1149)
	at org.testng.TestNG.run(TestNG.java:1057)
	at org.testng.remote.RemoteTestNG.run(RemoteTestNG.java:111)
	at org.testng.remote.RemoteTestNG.initAndRun(RemoteTestNG.java:204)
	at org.testng.remote.RemoteTestNG.main(RemoteTestNG.java:175)
Caused by: org.apache.http.conn.HttpHostConnectException: Connect to 127.0.0.1:7055 [/127.0.0.1] failed: Connection refused: connect
	at org.apache.http.impl.conn.DefaultHttpClientConnectionOperator.connect(DefaultHttpClientConnectionOperator.java:151)
	at org.apache.http.impl.conn.PoolingHttpClientConnectionManager.connect(PoolingHttpClientConnectionManager.java:353)
	at org.apache.http.impl.execchain.MainClientExec.establishRoute(MainClientExec.java:380)
	at org.apache.http.impl.execchain.MainClientExec.execute(MainClientExec.java:236)
	at org.apache.http.impl.execchain.ProtocolExec.execute(ProtocolExec.java:184)
	at org.apache.http.impl.execchain.RetryExec.execute(RetryExec.java:88)
	at org.apache.http.impl.execchain.RedirectExec.execute(RedirectExec.java:110)
	at org.apache.http.impl.client.InternalHttpClient.doExecute(InternalHttpClient.java:184)
	at org.apache.http.impl.client.CloseableHttpClient.execute(CloseableHttpClient.java:71)
	at org.apache.http.impl.client.CloseableHttpClient.execute(CloseableHttpClient.java:55)
	at org.openqa.selenium.remote.internal.ApacheHttpClient.fallBackExecute(ApacheHttpClient.java:161)
	at org.openqa.selenium.remote.internal.ApacheHttpClient.execute(ApacheHttpClient.java:89)
	at org.openqa.selenium.remote.HttpCommandExecutor.execute(HttpCommandExecutor.java:142)
	at org.openqa.selenium.firefox.internal.NewProfileExtensionConnection.execute(NewProfileExtensionConnection.java:170)
	at org.openqa.selenium.firefox.FirefoxDriver$LazyCommandExecutor.execute(FirefoxDriver.java:380)
	at org.openqa.selenium.remote.RemoteWebDriver.execute(RemoteWebDriver.java:620)
	... 27 more
Caused by: java.net.ConnectException: Connection refused: connect
	at java.net.TwoStacksPlainSocketImpl.socketConnect(Native Method)
	at java.net.AbstractPlainSocketImpl.doConnect(AbstractPlainSocketImpl.java:339)
	at java.net.AbstractPlainSocketImpl.connectToAddress(AbstractPlainSocketImpl.java:200)
	at java.net.AbstractPlainSocketImpl.connect(AbstractPlainSocketImpl.java:182)
	at java.net.PlainSocketImpl.connect(PlainSocketImpl.java:172)
	at java.net.SocksSocketImpl.connect(SocksSocketImpl.java:392)
	at java.net.Socket.connect(Socket.java:579)
	at org.apache.http.conn.socket.PlainConnectionSocketFactory.connectSocket(PlainConnectionSocketFactory.java:74)
	at org.apache.http.impl.conn.DefaultHttpClientConnectionOperator.connect(DefaultHttpClientConnectionOperator.java:134)
	... 42 more
]]>
            </full-stacktrace>
          </exception> <!-- org.openqa.selenium.remote.UnreachableBrowserException -->
          <reporter-output>
          </reporter-output>
        </test-method> <!-- setUpFirefox -->
        <test-method status="SKIP" signature="testEBayLoginAddItemCart()[pri:0, instance:com.sqa.ao.selenium.intro.EBayLoginAddItemCart@e6529c]" name="testEBayLoginAddItemCart" duration-ms="1" started-at="2015-10-22T21:45:22Z" finished-at="2015-10-22T21:45:22Z">
          <reporter-output>
          </reporter-output>
        </test-method> <!-- testEBayLoginAddItemCart -->
        <test-method status="SKIP" signature="tearDown()[pri:0, instance:com.sqa.ao.selenium.intro.EBayLoginAddItemCart@e6529c]" name="tearDown" is-config="true" duration-ms="0" started-at="2015-10-22T21:45:22Z" finished-at="2015-10-22T21:45:22Z">
          <reporter-output>
          </reporter-output>
        </test-method> <!-- tearDown -->
      </class> <!-- com.sqa.ao.selenium.intro.EBayLoginAddItemCart -->
    </test> <!-- Default test -->
  </suite> <!-- Default suite -->
</testng-results>
